<?xml version="1.0" encoding="UTF-8"?>
<!-- Generated by org.testng.reporters.JUnitReportReporter -->
<testsuite hostname="DevendraS-130398" failures="0" tests="1" name="com_st_pages_test.ratelinecompSKvsSTTest" time="0.000" errors="0" timestamp="2023-05-31T13:12:11 IST" skipped="1">
  <testcase classname="com_st_pages_test.ratelinecompSKvsSTTest" name="Open_AWBST" time="0.000">
    <skipped/>
  </testcase> <!-- Open_AWBST -->
  <system-out/>
</testsuite> <!-- com_st_pages_test.ratelinecompSKvsSTTest -->
