<?xml version="1.0" encoding="UTF-8"?>
<!-- Generated by org.testng.reporters.JUnitReportReporter -->
<testsuite hostname="DevendraS-130398" failures="0" tests="6" name="com_st_pages_test.LoginPageTest" time="23.676" errors="0" timestamp="2024-03-07T19:12:02 IST" skipped="0">
  <testcase classname="com_st_pages_test.LoginPageTest" name="loginPageURLvalidation" time="4.041"/>
  <system-out/>
  <testcase classname="com_st_pages_test.LoginPageTest" name="logingpageImgLogoTest" time="2.299"/>
  <system-out/>
  <testcase classname="com_st_pages_test.LoginPageTest" name="loginSpicetag" time="4.711"/>
  <system-out/>
  <testcase classname="com_st_pages_test.LoginPageTest" name="Wrong_user_name" time="4.337"/>
  <system-out/>
  <testcase classname="com_st_pages_test.LoginPageTest" name="Wrong_Password" time="4.127"/>
  <system-out/>
  <testcase classname="com_st_pages_test.LoginPageTest" name="Wrong_usr_Password" time="4.161"/>
  <system-out/>
</testsuite> <!-- com_st_pages_test.LoginPageTest -->
