<?xml version="1.0" encoding="UTF-8"?>
<!-- Generated by org.testng.reporters.JUnitReportReporter -->
<testsuite hostname="DevendraS-130398" failures="0" tests="1" name="com_st_pages_test.homepagetest" time="13.871" errors="0" timestamp="2024-03-08T17:27:53 IST" skipped="0">
  <testcase classname="com_st_pages_test.homepagetest" name="Openbookingpage" time="13.871"/>
  <system-out/>
</testsuite> <!-- com_st_pages_test.homepagetest -->
