<?xml version="1.0" encoding="UTF-8"?>
<!-- Generated by org.testng.reporters.JUnitReportReporter -->
<testsuite hostname="DevendraS-130398" failures="0" tests="1" name="com_st_pages_test.D2DNeworder_pageTest" time="0.000" errors="0" timestamp="2023-06-02T13:40:57 IST" skipped="1">
  <testcase classname="com_st_pages_test.D2DNeworder_pageTest" name="Savebooking" time="0.000">
    <skipped/>
  </testcase> <!-- Savebooking -->
  <system-out/>
</testsuite> <!-- com_st_pages_test.D2DNeworder_pageTest -->
