<?xml version="1.0" encoding="UTF-8"?>
<!-- Generated by org.testng.reporters.JUnitReportReporter -->
<testsuite hostname="DevendraS-130398" failures="0" tests="3" name="com_st_pages_test.LoginPageTest" time="19.178" errors="0" timestamp="05 Apr 2023 12:53:59 GMT" skipped="0">
  <testcase classname="com_st_pages_test.LoginPageTest" name="loginPageURLvalidation" time="4.362"/>
  <testcase classname="com_st_pages_test.LoginPageTest" name="logingpageImgLogoTest" time="6.164"/>
  <testcase classname="com_st_pages_test.LoginPageTest" name="loginSpicetag" time="8.652"/>
</testsuite> <!-- com_st_pages_test.LoginPageTest -->
